2024-12-13 17:57:04,461 - INFO - Mensaje de bienvenida mostrado.
2024-12-13 17:57:32,214 - INFO - Opción seleccionada: 6
2024-12-13 17:57:38,195 - INFO - Estado de la sala reseteado.
2024-12-13 17:57:40,871 - INFO - Mensaje de bienvenida mostrado.
2024-12-13 17:57:45,777 - INFO - Opción seleccionada: 7
2024-12-13 17:57:48,493 - INFO - Estado de la sala guardado.
2024-12-13 17:57:48,493 - INFO - Saliendo del sistema...
2024-12-13 17:57:48,493 - INFO - Mensaje de bienvenida mostrado.
2024-12-13 17:57:48,493 - INFO - Opción seleccionada: 5
2024-12-13 17:57:48,493 - INFO - Reporte de disponibilidad generado.
2024-12-13 18:01:53,278 - INFO - Mensaje de bienvenida mostrado.
2024-12-13 18:01:55,576 - INFO - Opción seleccionada: 7
2024-12-13 18:01:57,528 - INFO - Sistema cerrado por el usuario.
2024-12-13 18:02:00,013 - INFO - Mensaje de bienvenida mostrado.
2024-12-13 18:02:02,743 - INFO - Opción seleccionada: 7
2024-12-13 18:02:04,909 - INFO - Estado de la sala guardado.
2024-12-13 18:02:04,909 - INFO - Sistema cerrado por el usuario.
2024-12-13 18:02:08,526 - INFO - Mensaje de bienvenida mostrado.
2024-12-13 18:02:10,592 - INFO - Opción seleccionada: 6
2024-12-13 18:02:13,442 - INFO - Reseteo de estado cancelado.
2024-12-13 18:02:15,806 - INFO - Opción seleccionada: 6
2024-12-13 18:02:55,456 - INFO - Mensaje de bienvenida mostrado.
2024-12-13 18:02:59,686 - INFO - Opción seleccionada: 5
2024-12-13 18:02:59,687 - INFO - Reporte de disponibilidad generado.
2024-12-13 18:03:39,871 - INFO - Opción seleccionada: 7
2024-12-13 18:03:41,896 - INFO - Sistema cerrado por el usuario.
2024-12-13 18:05:24,108 - INFO - Mensaje de bienvenida mostrado.
2024-12-13 18:05:26,146 - INFO - Opción seleccionada: 7
2024-12-13 18:05:27,853 - INFO - Estado de la sala guardado.
2024-12-13 18:05:27,853 - INFO - Sistema cerrado por el usuario.
2024-12-13 18:05:29,366 - INFO - Mensaje de bienvenida mostrado.
2024-12-13 18:05:30,913 - INFO - Opción seleccionada: 7
2024-12-13 18:05:32,381 - INFO - Sistema cerrado por el usuario.
2024-12-13 18:05:33,790 - INFO - Mensaje de bienvenida mostrado.
2024-12-13 18:05:36,227 - INFO - Opción seleccionada: 6
2024-12-13 18:05:38,536 - INFO - Reseteo de estado cancelado.
2024-12-13 18:05:43,493 - INFO - Opción seleccionada: 6
2024-12-13 18:05:45,115 - INFO - Reseteo de estado cancelado.
2024-12-13 18:05:50,513 - INFO - Opción seleccionada: 6
2024-12-13 18:05:51,853 - INFO - Estado de la sala reseteado.
2024-12-13 18:06:00,041 - INFO - Opción seleccionada: 5
2024-12-13 18:06:00,042 - INFO - Reporte de disponibilidad generado.
2024-12-13 18:06:17,185 - INFO - Opción seleccionada: 1
2024-12-13 18:06:25,213 - INFO - Mensaje de bienvenida mostrado.
2024-12-13 18:06:27,881 - INFO - Opción seleccionada: 2
2024-12-13 18:06:29,973 - INFO - Mensaje de bienvenida mostrado.
2024-12-13 18:06:31,400 - INFO - Opción seleccionada: 1
2024-12-13 18:32:57,238 - INFO - Mensaje de bienvenida mostrado.
2024-12-13 18:32:59,567 - INFO - Opción seleccionada: 7
2024-12-13 18:33:01,546 - INFO - Sistema cerrado por el usuario.
2024-12-13 18:33:02,939 - INFO - Mensaje de bienvenida mostrado.
2024-12-13 18:33:05,634 - INFO - Opción seleccionada: 1
